Using pre-set license
Built from '2020.3/staging' branch; Version is '2020.3.18f1 (a7d1c678663c) revision 10998214'; Using compiler version '192528614'; Build Type 'Release'
OS: 'Windows 10 Education; OS build 19042.1348; Version 2009; 64bit' Language: 'en' Physical Memory: 16098 MB
BatchMode: 1, IsHumanControllingUs: 0, StartBugReporterOnCrash: 0, Is64bit: 1, IsPro: 0

COMMAND LINE ARGUMENTS:
C:\Program Files\Unity\Hub\Editor\2020.3.18f1\Editor\Unity.exe
-adb2
-batchMode
-noUpm
-name
AssetImportWorker0
-projectPath
C:/Users/t.stolz/OneDrive - School District No. 36 (Surrey)/Game and App 12/Core Pathway Terrain Project
-logFile
Logs/AssetImportWorker0.log
-srvPort
58847
Successfully changed project path to: C:/Users/t.stolz/OneDrive - School District No. 36 (Surrey)/Game and App 12/Core Pathway Terrain Project
C:/Users/t.stolz/OneDrive - School District No. 36 (Surrey)/Game and App 12/Core Pathway Terrain Project
Using Asset Import Pipeline V2.
Refreshing native plugins compatible for Editor in 36.35 ms, found 2 plugins.
Preloading 0 native plugins for Editor in 0.00 ms.
Initialize engine version: 2020.3.18f1 (a7d1c678663c)
[Subsystems] Discovering subsystems at path C:/Program Files/Unity/Hub/Editor/2020.3.18f1/Editor/Data/Resources/UnitySubsystems
[Subsystems] Discovering subsystems at path C:/Users/t.stolz/OneDrive - School District No. 36 (Surrey)/Game and App 12/Core Pathway Terrain Project/Assets
GfxDevice: creating device client; threaded=0
Direct3D:
    Version:  Direct3D 11.0 [level 11.1]
    Renderer: Intel(R) UHD Graphics 630 (ID=0x9bc8)
    Vendor:   
    VRAM:     8049 MB
    Driver:   26.20.100.8141
Initialize mono
Mono path[0] = 'C:/Program Files/Unity/Hub/Editor/2020.3.18f1/Editor/Data/Managed'
Mono path[1] = 'C:/Program Files/Unity/Hub/Editor/2020.3.18f1/Editor/Data/MonoBleedingEdge/lib/mono/unityjit'
Mono config path = 'C:/Program Files/Unity/Hub/Editor/2020.3.18f1/Editor/Data/MonoBleedingEdge/etc'
Using monoOptions --debugger-agent=transport=dt_socket,embedding=1,server=y,suspend=n,address=127.0.0.1:56888
Begin MonoManager ReloadAssembly
Registering precompiled unity dll's ...
Register platform support module: C:/Program Files/Unity/Hub/Editor/2020.3.18f1/Editor/Data/PlaybackEngines/WebGLSupport/UnityEditor.WebGL.Extensions.dll
Register platform support module: C:/Program Files/Unity/Hub/Editor/2020.3.18f1/Editor/Data/PlaybackEngines/WindowsStandaloneSupport/UnityEditor.WindowsStandalone.Extensions.dll
Registered in 0.001493 seconds.
Native extension for WindowsStandalone target not found
Native extension for WebGL target not found
Refreshing native plugins compatible for Editor in 32.04 ms, found 2 plugins.
Preloading 0 native plugins for Editor in 0.00 ms.
Mono: successfully reloaded assembly
- Completed reload, in  1.843 seconds
Domain Reload Profiling:
	ReloadAssembly (1844ms)
		BeginReloadAssembly (46ms)
			ExecutionOrderSort (0ms)
			DisableScriptedObjects (0ms)
			BackupInstance (0ms)
			ReleaseScriptingObjects (0ms)
			CreateAndSetChildDomain (1ms)
		EndReloadAssembly (360ms)
			LoadAssemblies (45ms)
			RebuildTransferFunctionScriptingTraits (0ms)
			SetupTypeCache (131ms)
			ReleaseScriptCaches (0ms)
			RebuildScriptCaches (26ms)
			SetupLoadedEditorAssemblies (145ms)
				LogAssemblyErrors (0ms)
				InitializePlatformSupportModulesInManaged (4ms)
				SetLoadedEditorAssemblies (0ms)
				RefreshPlugins (32ms)
				BeforeProcessingInitializeOnLoad (7ms)
				ProcessInitializeOnLoadAttributes (74ms)
				ProcessInitializeOnLoadMethodAttributes (29ms)
				AfterProcessingInitializeOnLoad (0ms)
				EditorAssembliesLoaded (0ms)
			ExecutionOrderSort2 (0ms)
			AwakeInstancesAfterBackupRestoration (0ms)
Platform modules already initialized, skipping
Registering precompiled user dll's ...
Registered in 0.003394 seconds.
Begin MonoManager ReloadAssembly
Native extension for WindowsStandalone target not found
Native extension for WebGL target not found
Refreshing native plugins compatible for Editor in 0.35 ms, found 2 plugins.
Preloading 0 native plugins for Editor in 0.00 ms.
Mono: successfully reloaded assembly
- Completed reload, in  0.829 seconds
Domain Reload Profiling:
	ReloadAssembly (829ms)
		BeginReloadAssembly (116ms)
			ExecutionOrderSort (0ms)
			DisableScriptedObjects (4ms)
			BackupInstance (0ms)
			ReleaseScriptingObjects (0ms)
			CreateAndSetChildDomain (15ms)
		EndReloadAssembly (646ms)
			LoadAssemblies (71ms)
			RebuildTransferFunctionScriptingTraits (0ms)
			SetupTypeCache (219ms)
			ReleaseScriptCaches (0ms)
			RebuildScriptCaches (37ms)
			SetupLoadedEditorAssemblies (243ms)
				LogAssemblyErrors (0ms)
				InitializePlatformSupportModulesInManaged (5ms)
				SetLoadedEditorAssemblies (0ms)
				RefreshPlugins (0ms)
				BeforeProcessingInitializeOnLoad (49ms)
				ProcessInitializeOnLoadAttributes (182ms)
				ProcessInitializeOnLoadMethodAttributes (3ms)
				AfterProcessingInitializeOnLoad (4ms)
				EditorAssembliesLoaded (0ms)
			ExecutionOrderSort2 (0ms)
			AwakeInstancesAfterBackupRestoration (5ms)
Platform modules already initialized, skipping
========================================================================
Worker process is ready to serve import requests
Launched and connected shader compiler UnityShaderCompiler.exe after 0.06 seconds
Refreshing native plugins compatible for Editor in 0.36 ms, found 2 plugins.
Preloading 0 native plugins for Editor in 0.00 ms.
Unloading 1884 Unused Serialized files (Serialized files now loaded: 0)
System memory in use before: 100.0 MB.
System memory in use after: 100.1 MB.

Unloading 16 unused Assets to reduce memory usage. Loaded Objects now: 2346.
Total: 2.833200 ms (FindLiveObjects: 0.171100 ms CreateObjectMapping: 0.048300 ms MarkObjects: 2.465700 ms  DeleteObjects: 0.131400 ms)

AssetImportParameters requested are different than current active one (requested -> active):
  custom:framework-win-MediaFoundation: 216162199b28c13a410421893ffa2e32 -> 
  custom:video-decoder-ogg-theora: a1e56fd34408186e4bbccfd4996cb3dc -> 
  custom:container-muxer-webm: aa71ff27fc2769a1b78a27578f13a17b -> 
  custom:container-demuxer-webm: 4f35f7cbe854078d1ac9338744f61a02 -> 
  custom:container-demuxer-ogg: 62fdf1f143b41e24485cea50d1cbac27 -> 
  custom:video-encoder-webm-vp8: eb34c28f22e8b96e1ab97ce403110664 -> 
  custom:video-decoder-webm-vp8: 9c59270c3fd7afecdb556c50c9e8de78 -> 
  custom:audio-decoder-ogg-vorbis: bf7c407c2cedff20999df2af8eb42d56 -> 
  custom:audio-encoder-webm-vorbis: bf7c407c2cedff20999df2af8eb42d56 -> 
========================================================================
Received Import Request.
  path: Assets/Scripts/Footsteps.cs
  artifactKey: Guid(116303e533f4b0a489b0d4f8eeb6d0a5) Importer(815301076,1909f56bfc062723c751e8b465ee728b)
Start importing Assets/Scripts/Footsteps.cs using Guid(116303e533f4b0a489b0d4f8eeb6d0a5) Importer(815301076,1909f56bfc062723c751e8b465ee728b)  -> (artifact id: 'b4cd9169faf611954a90e8366f4b3032') in 0.046021 seconds 
  Import took 0.049683 seconds .

========================================================================
Received Prepare
Registering precompiled user dll's ...
Registered in 0.002212 seconds.
Begin MonoManager ReloadAssembly
Native extension for WindowsStandalone target not found
Native extension for WebGL target not found
Refreshing native plugins compatible for Editor in 0.36 ms, found 2 plugins.
Preloading 0 native plugins for Editor in 0.00 ms.
Mono: successfully reloaded assembly
- Completed reload, in  0.810 seconds
Domain Reload Profiling:
	ReloadAssembly (811ms)
		BeginReloadAssembly (115ms)
			ExecutionOrderSort (0ms)
			DisableScriptedObjects (4ms)
			BackupInstance (0ms)
			ReleaseScriptingObjects (0ms)
			CreateAndSetChildDomain (34ms)
		EndReloadAssembly (647ms)
			LoadAssemblies (73ms)
			RebuildTransferFunctionScriptingTraits (0ms)
			SetupTypeCache (238ms)
			ReleaseScriptCaches (1ms)
			RebuildScriptCaches (33ms)
			SetupLoadedEditorAssemblies (226ms)
				LogAssemblyErrors (0ms)
				InitializePlatformSupportModulesInManaged (5ms)
				SetLoadedEditorAssemblies (0ms)
				RefreshPlugins (0ms)
				BeforeProcessingInitializeOnLoad (44ms)
				ProcessInitializeOnLoadAttributes (170ms)
				ProcessInitializeOnLoadMethodAttributes (3ms)
				AfterProcessingInitializeOnLoad (4ms)
				EditorAssembliesLoaded (0ms)
			ExecutionOrderSort2 (0ms)
			AwakeInstancesAfterBackupRestoration (5ms)
Platform modules already initialized, skipping
Refreshing native plugins compatible for Editor in 0.41 ms, found 2 plugins.
Preloading 0 native plugins for Editor in 0.00 ms.
Unloading 1851 Unused Serialized files (Serialized files now loaded: 0)
System memory in use before: 97.1 MB.
System memory in use after: 97.2 MB.

Unloading 11 unused Assets to reduce memory usage. Loaded Objects now: 2348.
Total: 2.261200 ms (FindLiveObjects: 0.170100 ms CreateObjectMapping: 0.061700 ms MarkObjects: 2.015700 ms  DeleteObjects: 0.012700 ms)

AssetImportParameters requested are different than current active one (requested -> active):
  custom:framework-win-MediaFoundation: 216162199b28c13a410421893ffa2e32 -> 
  custom:video-decoder-ogg-theora: a1e56fd34408186e4bbccfd4996cb3dc -> 
  custom:container-muxer-webm: aa71ff27fc2769a1b78a27578f13a17b -> 
  custom:container-demuxer-webm: 4f35f7cbe854078d1ac9338744f61a02 -> 
  custom:container-demuxer-ogg: 62fdf1f143b41e24485cea50d1cbac27 -> 
  custom:video-encoder-webm-vp8: eb34c28f22e8b96e1ab97ce403110664 -> 
  custom:video-decoder-webm-vp8: 9c59270c3fd7afecdb556c50c9e8de78 -> 
  custom:audio-decoder-ogg-vorbis: bf7c407c2cedff20999df2af8eb42d56 -> 
  custom:audio-encoder-webm-vorbis: bf7c407c2cedff20999df2af8eb42d56 -> 
========================================================================
Received Import Request.
  Time since last request: 401.313812 seconds.
  path: Assets/Scripts/Mover.cs
  artifactKey: Guid(4035ce5a7b6e6a24eba2639cac914a06) Importer(815301076,1909f56bfc062723c751e8b465ee728b)
Start importing Assets/Scripts/Mover.cs using Guid(4035ce5a7b6e6a24eba2639cac914a06) Importer(815301076,1909f56bfc062723c751e8b465ee728b)  -> (artifact id: 'f07ea354935611a8db3287ef53cfb618') in 0.012306 seconds 
  Import took 0.017810 seconds .

========================================================================
Received Import Request.
  Time since last request: 0.334232 seconds.
  path: Assets/Scripts/MoveToNextLevel.cs
  artifactKey: Guid(e15eac547ea7dfc47826eb159e8ddfc8) Importer(815301076,1909f56bfc062723c751e8b465ee728b)
Start importing Assets/Scripts/MoveToNextLevel.cs using Guid(e15eac547ea7dfc47826eb159e8ddfc8) Importer(815301076,1909f56bfc062723c751e8b465ee728b)  -> (artifact id: 'af98b90597d6dc722fc389c820f2d348') in 0.006843 seconds 
  Import took 0.012323 seconds .

========================================================================
Received Import Request.
  Time since last request: 4.607524 seconds.
  path: Assets/Scripts/MovePlatform.cs
  artifactKey: Guid(39464b24aa92ef940a1ae598bdde2afe) Importer(815301076,1909f56bfc062723c751e8b465ee728b)
Start importing Assets/Scripts/MovePlatform.cs using Guid(39464b24aa92ef940a1ae598bdde2afe) Importer(815301076,1909f56bfc062723c751e8b465ee728b)  -> (artifact id: '788e3a36945b715f426f7989d5f84839') in 0.008023 seconds 
  Import took 0.012450 seconds .

========================================================================
Received Import Request.
  Time since last request: 4.950100 seconds.
  path: Assets/Scripts/ToggleOnOrOff.cs
  artifactKey: Guid(d5bba99803b3af24dad72bec020310b9) Importer(815301076,1909f56bfc062723c751e8b465ee728b)
Start importing Assets/Scripts/ToggleOnOrOff.cs using Guid(d5bba99803b3af24dad72bec020310b9) Importer(815301076,1909f56bfc062723c751e8b465ee728b)  -> (artifact id: 'd2b5445091c4418e61a514dc52a11353') in 0.008391 seconds 
  Import took 0.013031 seconds .

========================================================================
Received Import Request.
  Time since last request: 1.625621 seconds.
  path: Assets/Scripts/PlayerObjectKnockback.cs
  artifactKey: Guid(0b459d446a21ca54cbb09bc0f00abb63) Importer(815301076,1909f56bfc062723c751e8b465ee728b)
Start importing Assets/Scripts/PlayerObjectKnockback.cs using Guid(0b459d446a21ca54cbb09bc0f00abb63) Importer(815301076,1909f56bfc062723c751e8b465ee728b)  -> (artifact id: 'ac27e21f48bbb01de3fab9837f9d8b76') in 0.007362 seconds 
  Import took 0.011539 seconds .

========================================================================
Received Import Request.
  Time since last request: 0.308156 seconds.
  path: Assets/Scripts/ProximityDetector.cs
  artifactKey: Guid(4ed0fc3125ed9b745a2b71b8eaeb9886) Importer(815301076,1909f56bfc062723c751e8b465ee728b)
Start importing Assets/Scripts/ProximityDetector.cs using Guid(4ed0fc3125ed9b745a2b71b8eaeb9886) Importer(815301076,1909f56bfc062723c751e8b465ee728b)  -> (artifact id: '0d04f0e7a9463902465dd9877de9f84c') in 0.006229 seconds 
  Import took 0.009706 seconds .

========================================================================
Received Import Request.
  Time since last request: 0.750853 seconds.
  path: Assets/Scripts/PlayerFallWarp.cs
  artifactKey: Guid(a9cb9ef9f29f44e4785fe0165d9cd86a) Importer(815301076,1909f56bfc062723c751e8b465ee728b)
Start importing Assets/Scripts/PlayerFallWarp.cs using Guid(a9cb9ef9f29f44e4785fe0165d9cd86a) Importer(815301076,1909f56bfc062723c751e8b465ee728b)  -> (artifact id: 'f21ccf00bce89d96a54ef9ff8ffdcd03') in 0.006502 seconds 
  Import took 0.010151 seconds .

========================================================================
Received Import Request.
  Time since last request: 2.542508 seconds.
  path: Assets/Scripts/SpinObject.cs
  artifactKey: Guid(32137aafdba673c468a2831d74456244) Importer(815301076,1909f56bfc062723c751e8b465ee728b)
Start importing Assets/Scripts/SpinObject.cs using Guid(32137aafdba673c468a2831d74456244) Importer(815301076,1909f56bfc062723c751e8b465ee728b)  -> (artifact id: 'bd7f14af1eb1a1cc0e36d00b964ded54') in 0.006250 seconds 
  Import took 0.009651 seconds .

========================================================================
Received Import Request.
  Time since last request: 0.344481 seconds.
  path: Assets/Scripts/ButtonPlatform.cs
  artifactKey: Guid(7c5fd1190f1d8bb48ab7d7f86bf4c560) Importer(815301076,1909f56bfc062723c751e8b465ee728b)
Start importing Assets/Scripts/ButtonPlatform.cs using Guid(7c5fd1190f1d8bb48ab7d7f86bf4c560) Importer(815301076,1909f56bfc062723c751e8b465ee728b)  -> (artifact id: 'c8d2159bc6c50e01587398e649ab741f') in 0.006459 seconds 
  Import took 0.010219 seconds .

========================================================================
Received Import Request.
  Time since last request: 0.568495 seconds.
  path: Assets/Scripts/Button.cs
  artifactKey: Guid(64935a05151a10b428e2f674519ac710) Importer(815301076,1909f56bfc062723c751e8b465ee728b)
Start importing Assets/Scripts/Button.cs using Guid(64935a05151a10b428e2f674519ac710) Importer(815301076,1909f56bfc062723c751e8b465ee728b)  -> (artifact id: 'fe1f620451935ed1088833011dd4151a') in 0.006141 seconds 
  Import took 0.009269 seconds .

========================================================================
Received Import Request.
  Time since last request: 2.590880 seconds.
  path: Assets/Scripts/LightTimer.cs
  artifactKey: Guid(abae05ca8dbb1c74ca95ee87f7c03b85) Importer(815301076,1909f56bfc062723c751e8b465ee728b)
Start importing Assets/Scripts/LightTimer.cs using Guid(abae05ca8dbb1c74ca95ee87f7c03b85) Importer(815301076,1909f56bfc062723c751e8b465ee728b)  -> (artifact id: '77048d4600b5dcf8fad13284ee9109fe') in 0.007456 seconds 
  Import took 0.011269 seconds .

========================================================================
Received Import Request.
  Time since last request: 0.372281 seconds.
  path: Assets/Scripts/Move.cs
  artifactKey: Guid(715511002591eb540833f144f7113a62) Importer(815301076,1909f56bfc062723c751e8b465ee728b)
Start importing Assets/Scripts/Move.cs using Guid(715511002591eb540833f144f7113a62) Importer(815301076,1909f56bfc062723c751e8b465ee728b)  -> (artifact id: '5b1e9fc8a74c561c2305681a342ae15c') in 0.006318 seconds 
  Import took 0.009437 seconds .

========================================================================
Received Import Request.
  Time since last request: 3.854435 seconds.
  path: Assets/Scripts/FallPlatformReset.cs
  artifactKey: Guid(75697b8acc4947e47a41d9c93c5f0d86) Importer(815301076,1909f56bfc062723c751e8b465ee728b)
Start importing Assets/Scripts/FallPlatformReset.cs using Guid(75697b8acc4947e47a41d9c93c5f0d86) Importer(815301076,1909f56bfc062723c751e8b465ee728b)  -> (artifact id: 'ab9f1e64ed459baab07b89fa54527ac4') in 0.004967 seconds 
  Import took 0.008378 seconds .

========================================================================
Received Import Request.
  Time since last request: 2.099139 seconds.
  path: Assets/Scripts/FallPlatformReset.cs
  artifactKey: Guid(75697b8acc4947e47a41d9c93c5f0d86) Importer(815301076,1909f56bfc062723c751e8b465ee728b)
Start importing Assets/Scripts/FallPlatformReset.cs using Guid(75697b8acc4947e47a41d9c93c5f0d86) Importer(815301076,1909f56bfc062723c751e8b465ee728b)  -> (artifact id: 'ab9f1e64ed459baab07b89fa54527ac4') in 0.002582 seconds 
  Import took 0.006272 seconds .

========================================================================
Received Import Request.
  Time since last request: 9.502155 seconds.
  path: Assets/Scripts/ObjectDestroyer.cs
  artifactKey: Guid(a9d219a19c9893d46a314cc33d1a67af) Importer(815301076,1909f56bfc062723c751e8b465ee728b)
Start importing Assets/Scripts/ObjectDestroyer.cs using Guid(a9d219a19c9893d46a314cc33d1a67af) Importer(815301076,1909f56bfc062723c751e8b465ee728b)  -> (artifact id: '0166b2e7f11135f847ba1f0061dd9eb5') in 0.006965 seconds 
  Import took 0.010120 seconds .

========================================================================
Received Import Request.
  Time since last request: 77.145006 seconds.
  path: Assets/Skybox/Hell Skybox.mat
  artifactKey: Guid(9256480e52fe85a49aa3f5bda9c36ee5) Importer(815301076,1909f56bfc062723c751e8b465ee728b)
Start importing Assets/Skybox/Hell Skybox.mat using Guid(9256480e52fe85a49aa3f5bda9c36ee5) Importer(815301076,1909f56bfc062723c751e8b465ee728b)  -> (artifact id: '77aa3b31d0b0cc768eee437a9ad96acf') in 0.078595 seconds 
  Import took 0.083937 seconds .

========================================================================
Received Import Request.
  Time since last request: 0.000241 seconds.
  path: Assets/Skybox/New Material.mat
  artifactKey: Guid(de8042cd078e583459f6c868c86c66a0) Importer(815301076,1909f56bfc062723c751e8b465ee728b)
Start importing Assets/Skybox/New Material.mat using Guid(de8042cd078e583459f6c868c86c66a0) Importer(815301076,1909f56bfc062723c751e8b465ee728b)  -> (artifact id: 'a079fe321d121a24edb18b849cb026b4') in 0.015485 seconds 
  Import took 0.021396 seconds .

========================================================================
Received Import Request.
  Time since last request: 2.497405 seconds.
  path: Assets/Materials/New Render Texture.renderTexture
  artifactKey: Guid(743ab857c0ddf434a97d281e68e12900) Importer(815301076,1909f56bfc062723c751e8b465ee728b)
Start importing Assets/Materials/New Render Texture.renderTexture using Guid(743ab857c0ddf434a97d281e68e12900) Importer(815301076,1909f56bfc062723c751e8b465ee728b)  -> (artifact id: '858cc89b2754fd41473d6eee922b7b6e') in 0.013113 seconds 
  Import took 0.017619 seconds .

========================================================================
Received Import Request.
  Time since last request: 0.007768 seconds.
  path: Assets/Materials/New Render Texture.renderTexture
  artifactKey: Guid(743ab857c0ddf434a97d281e68e12900) Importer(815301076,1909f56bfc062723c751e8b465ee728b)
Start importing Assets/Materials/New Render Texture.renderTexture using Guid(743ab857c0ddf434a97d281e68e12900) Importer(815301076,1909f56bfc062723c751e8b465ee728b)  -> (artifact id: '858cc89b2754fd41473d6eee922b7b6e') in 0.006781 seconds 
  Import took 0.011790 seconds .

========================================================================
Received Import Request.
  Time since last request: 1294.322291 seconds.
  path: Assets/Sound/meteor_sound_effect_622638053555231473.mp3
  artifactKey: Guid(2589b5a82f6a8004fa83e0cb99313da7) Importer(815301076,1909f56bfc062723c751e8b465ee728b)
Start importing Assets/Sound/meteor_sound_effect_622638053555231473.mp3 using Guid(2589b5a82f6a8004fa83e0cb99313da7) Importer(815301076,1909f56bfc062723c751e8b465ee728b)  -> (artifact id: 'd6ed0c79a7457b63f212bd6676838805') in 0.032521 seconds 
  Import took 0.036949 seconds .

========================================================================
Received Prepare
Registering precompiled user dll's ...
Registered in 0.031477 seconds.
Begin MonoManager ReloadAssembly
Native extension for WindowsStandalone target not found
Native extension for WebGL target not found
Refreshing native plugins compatible for Editor in 0.36 ms, found 2 plugins.
Preloading 0 native plugins for Editor in 0.00 ms.
Mono: successfully reloaded assembly
- Completed reload, in  0.968 seconds
Domain Reload Profiling:
	ReloadAssembly (969ms)
		BeginReloadAssembly (120ms)
			ExecutionOrderSort (0ms)
			DisableScriptedObjects (3ms)
			BackupInstance (0ms)
			ReleaseScriptingObjects (0ms)
			CreateAndSetChildDomain (34ms)
		EndReloadAssembly (780ms)
			LoadAssemblies (87ms)
			RebuildTransferFunctionScriptingTraits (0ms)
			SetupTypeCache (262ms)
			ReleaseScriptCaches (1ms)
			RebuildScriptCaches (34ms)
			SetupLoadedEditorAssemblies (320ms)
				LogAssemblyErrors (0ms)
				InitializePlatformSupportModulesInManaged (5ms)
				SetLoadedEditorAssemblies (0ms)
				RefreshPlugins (0ms)
				BeforeProcessingInitializeOnLoad (45ms)
				ProcessInitializeOnLoadAttributes (263ms)
				ProcessInitializeOnLoadMethodAttributes (3ms)
				AfterProcessingInitializeOnLoad (4ms)
				EditorAssembliesLoaded (0ms)
			ExecutionOrderSort2 (0ms)
			AwakeInstancesAfterBackupRestoration (5ms)
Platform modules already initialized, skipping
Refreshing native plugins compatible for Editor in 0.38 ms, found 2 plugins.
Preloading 0 native plugins for Editor in 0.00 ms.
Unloading 1851 Unused Serialized files (Serialized files now loaded: 0)
System memory in use before: 100.6 MB.
System memory in use after: 100.7 MB.

Unloading 11 unused Assets to reduce memory usage. Loaded Objects now: 2395.
Total: 2.502700 ms (FindLiveObjects: 0.215800 ms CreateObjectMapping: 0.064900 ms MarkObjects: 2.207200 ms  DeleteObjects: 0.014000 ms)

AssetImportParameters requested are different than current active one (requested -> active):
  custom:framework-win-MediaFoundation: 216162199b28c13a410421893ffa2e32 -> 
  custom:video-decoder-ogg-theora: a1e56fd34408186e4bbccfd4996cb3dc -> 
  custom:container-muxer-webm: aa71ff27fc2769a1b78a27578f13a17b -> 
  custom:container-demuxer-webm: 4f35f7cbe854078d1ac9338744f61a02 -> 
  custom:container-demuxer-ogg: 62fdf1f143b41e24485cea50d1cbac27 -> 
  custom:video-encoder-webm-vp8: eb34c28f22e8b96e1ab97ce403110664 -> 
  custom:video-decoder-webm-vp8: 9c59270c3fd7afecdb556c50c9e8de78 -> 
  custom:audio-decoder-ogg-vorbis: bf7c407c2cedff20999df2af8eb42d56 -> 
  custom:audio-encoder-webm-vorbis: bf7c407c2cedff20999df2af8eb42d56 -> 
AssetImportWorkerClient::OnTransportError - code=2 error=End of file
